[debug] [2019-10-26T08:50:53.784Z] ----------------------------------------------------------------------
[debug] [2019-10-26T08:50:53.788Z] Command:       C:\devenv\env\nodejs\node.exe C:\devenv\env\nodejs\node_modules\firebase-tools\lib\bin\firebase.js deploy
[debug] [2019-10-26T08:50:53.788Z] CLI Version:   6.2.2
[debug] [2019-10-26T08:50:53.788Z] Platform:      win32
[debug] [2019-10-26T08:50:53.788Z] Node Version:  v8.11.4
[debug] [2019-10-26T08:50:53.790Z] Time:          Sat Oct 26 2019 10:50:53 GMT+0200 (Romance Daylight Time)
[debug] [2019-10-26T08:50:53.790Z] ----------------------------------------------------------------------
[debug] 
[debug] [2019-10-26T08:50:53.802Z] > command requires scopes: ["email","openid","https://www.googleapis.com/auth/cloudplatformprojects.readonly","https://www.googleapis.com/auth/firebase","https://www.googleapis.com/auth/cloud-platform"]
[debug] [2019-10-26T08:50:53.803Z] > authorizing via signed-in user
[debug] [2019-10-26T08:50:53.803Z] [iam] checking project fanfaars-website for permissions ["cloudfunctions.functions.create","cloudfunctions.functions.delete","cloudfunctions.functions.get","cloudfunctions.functions.list","cloudfunctions.functions.update","cloudfunctions.operations.get","firebase.projects.get","firebasehosting.sites.update"]
[debug] [2019-10-26T08:50:53.806Z] >>> HTTP REQUEST POST https://cloudresourcemanager.googleapis.com/v1/projects/fanfaars-website:testIamPermissions  

[debug] [2019-10-26T08:50:54.678Z] <<< HTTP RESPONSE 200
[debug] [2019-10-26T08:50:54.681Z] >>> HTTP REQUEST GET https://firebase.googleapis.com/v1beta1/projects/fanfaars-website  
 
[debug] [2019-10-26T08:50:55.042Z] <<< HTTP RESPONSE 200
[debug] [2019-10-26T08:50:56.836Z] SyntaxError: Unexpected token A in JSON at position 0
    at JSON.parse (<anonymous>)
    at Socket.<anonymous> (C:\devenv\env\nvm\v8.11.4\node_modules\firebase-tools\lib\checkFirebaseSDKVersion.js:24:31)
    at emitOne (events.js:116:13)
    at Socket.emit (events.js:211:7)
    at addChunk (_stream_readable.js:263:12)
    at readableAddChunk (_stream_readable.js:250:11)
    at Socket.Readable.push (_stream_readable.js:208:10)
    at Pipe.onread (net.js:597:20)
[error] 
[error] Error: An unexpected error has occurred.
[debug] [2019-10-26T08:54:02.679Z] ----------------------------------------------------------------------
[debug] [2019-10-26T08:54:02.682Z] Command:       C:\devenv\env\nodejs\node.exe C:\devenv\env\nodejs\node_modules\firebase-tools\lib\bin\firebase.js deploy
[debug] [2019-10-26T08:54:02.682Z] CLI Version:   6.2.2
[debug] [2019-10-26T08:54:02.682Z] Platform:      win32
[debug] [2019-10-26T08:54:02.682Z] Node Version:  v8.11.4
[debug] [2019-10-26T08:54:02.684Z] Time:          Sat Oct 26 2019 10:54:02 GMT+0200 (Romance Daylight Time)
[debug] [2019-10-26T08:54:02.684Z] ----------------------------------------------------------------------
[debug] 
[debug] [2019-10-26T08:54:02.697Z] > command requires scopes: ["email","openid","https://www.googleapis.com/auth/cloudplatformprojects.readonly","https://www.googleapis.com/auth/firebase","https://www.googleapis.com/auth/cloud-platform"]
[debug] [2019-10-26T08:54:02.697Z] > authorizing via signed-in user
[debug] [2019-10-26T08:54:02.698Z] [iam] checking project fanfaars-website for permissions ["cloudfunctions.functions.create","cloudfunctions.functions.delete","cloudfunctions.functions.get","cloudfunctions.functions.list","cloudfunctions.functions.update","cloudfunctions.operations.get","firebase.projects.get","firebasehosting.sites.update"]
[debug] [2019-10-26T08:54:02.700Z] >>> HTTP REQUEST POST https://cloudresourcemanager.googleapis.com/v1/projects/fanfaars-website:testIamPermissions  

[debug] [2019-10-26T08:54:03.554Z] <<< HTTP RESPONSE 200
[debug] [2019-10-26T08:54:03.555Z] >>> HTTP REQUEST GET https://firebase.googleapis.com/v1beta1/projects/fanfaars-website  
 
[debug] [2019-10-26T08:54:03.845Z] <<< HTTP RESPONSE 200
[debug] [2019-10-26T08:54:05.670Z] SyntaxError: Unexpected token A in JSON at position 0
    at JSON.parse (<anonymous>)
    at Socket.<anonymous> (C:\devenv\env\nvm\v8.11.4\node_modules\firebase-tools\lib\checkFirebaseSDKVersion.js:24:31)
    at emitOne (events.js:116:13)
    at Socket.emit (events.js:211:7)
    at addChunk (_stream_readable.js:263:12)
    at readableAddChunk (_stream_readable.js:250:11)
    at Socket.Readable.push (_stream_readable.js:208:10)
    at Pipe.onread (net.js:597:20)
[error] 
[error] Error: An unexpected error has occurred.
[debug] [2019-10-26T08:54:13.589Z] ----------------------------------------------------------------------
[debug] [2019-10-26T08:54:13.593Z] Command:       C:\devenv\env\nodejs\node.exe C:\devenv\env\nodejs\node_modules\firebase-tools\lib\bin\firebase.js deploy
[debug] [2019-10-26T08:54:13.593Z] CLI Version:   6.2.2
[debug] [2019-10-26T08:54:13.593Z] Platform:      win32
[debug] [2019-10-26T08:54:13.593Z] Node Version:  v8.11.4
[debug] [2019-10-26T08:54:13.595Z] Time:          Sat Oct 26 2019 10:54:13 GMT+0200 (Romance Daylight Time)
[debug] [2019-10-26T08:54:13.595Z] ----------------------------------------------------------------------
[debug] 
[debug] [2019-10-26T08:54:13.607Z] > command requires scopes: ["email","openid","https://www.googleapis.com/auth/cloudplatformprojects.readonly","https://www.googleapis.com/auth/firebase","https://www.googleapis.com/auth/cloud-platform"]
[debug] [2019-10-26T08:54:13.608Z] > authorizing via signed-in user
[debug] [2019-10-26T08:54:13.608Z] [iam] checking project fanfaars-website for permissions ["cloudfunctions.functions.create","cloudfunctions.functions.delete","cloudfunctions.functions.get","cloudfunctions.functions.list","cloudfunctions.functions.update","cloudfunctions.operations.get","firebase.projects.get","firebasehosting.sites.update"]
[debug] [2019-10-26T08:54:13.611Z] >>> HTTP REQUEST POST https://cloudresourcemanager.googleapis.com/v1/projects/fanfaars-website:testIamPermissions  

[debug] [2019-10-26T08:55:43.870Z] ----------------------------------------------------------------------
[debug] [2019-10-26T08:55:43.876Z] Command:       C:\devenv\env\nodejs\node.exe C:\devenv\env\nodejs\node_modules\firebase-tools\lib\bin\firebase.js deploy --debug
[debug] [2019-10-26T08:55:43.876Z] CLI Version:   6.2.2
[debug] [2019-10-26T08:55:43.877Z] Platform:      win32
[debug] [2019-10-26T08:55:43.878Z] Node Version:  v8.11.4
[debug] [2019-10-26T08:55:43.881Z] Time:          Sat Oct 26 2019 10:55:43 GMT+0200 (Romance Daylight Time)
[debug] [2019-10-26T08:55:43.881Z] ----------------------------------------------------------------------
[debug] 
[debug] [2019-10-26T08:55:43.894Z] > command requires scopes: ["email","openid","https://www.googleapis.com/auth/cloudplatformprojects.readonly","https://www.googleapis.com/auth/firebase","https://www.googleapis.com/auth/cloud-platform"]
[debug] [2019-10-26T08:55:43.897Z] > authorizing via signed-in user
[debug] [2019-10-26T08:55:43.898Z] [iam] checking project fanfaars-website for permissions ["cloudfunctions.functions.create","cloudfunctions.functions.delete","cloudfunctions.functions.get","cloudfunctions.functions.list","cloudfunctions.functions.update","cloudfunctions.operations.get","firebase.projects.get","firebasehosting.sites.update"]
[debug] [2019-10-26T08:55:43.902Z] >>> HTTP REQUEST POST https://cloudresourcemanager.googleapis.com/v1/projects/fanfaars-website:testIamPermissions  

[debug] [2019-10-26T08:55:44.913Z] <<< HTTP RESPONSE 200
[debug] [2019-10-26T08:55:44.917Z] >>> HTTP REQUEST GET https://firebase.googleapis.com/v1beta1/projects/fanfaars-website  
 
[debug] [2019-10-26T08:55:45.229Z] <<< HTTP RESPONSE 200
[debug] [2019-10-26T08:55:46.954Z] SyntaxError: Unexpected token A in JSON at position 0
    at JSON.parse (<anonymous>)
    at Socket.<anonymous> (C:\devenv\env\nvm\v8.11.4\node_modules\firebase-tools\lib\checkFirebaseSDKVersion.js:24:31)
    at emitOne (events.js:116:13)
    at Socket.emit (events.js:211:7)
    at addChunk (_stream_readable.js:263:12)
    at readableAddChunk (_stream_readable.js:250:11)
    at Socket.Readable.push (_stream_readable.js:208:10)
    at Pipe.onread (net.js:597:20)
[error] 
[error] Error: An unexpected error has occurred.
